<?xml version="1.0" encoding="UTF-8"?>
<!-- Generated by org.testng.reporters.JUnitReportReporter -->
<testsuite hostname="DESKTOP-LD8MLVL" failures="0" tests="1" name="location" time="9.635" errors="0" timestamp="20 Feb 2021 14:05:58 GMT" skipped="0">
  <testcase classname="location" name="chooseLocation" time="9.635"/>
</testsuite> <!-- location -->
