<?xml version="1.0" encoding="UTF-8"?>
<!-- Generated by org.testng.reporters.JUnitReportReporter -->
<testsuite hostname="DESKTOP-LD8MLVL" failures="0" tests="1" name="location" time="14.946" errors="0" timestamp="17 Feb 2021 16:56:15 GMT" skipped="0">
  <testcase classname="location" name="chooseLocation" time="14.946"/>
</testsuite> <!-- location -->
